2026-04-13 14:32:30,043 — ERROR — Summary email failed (System continued safely): name 'EMAIL_CONFIG' is not defined
2026-04-13 16:32:26,746 — INFO — 2-Hour Summary Email dispatched successfully.
2026-04-13 18:32:37,172 — INFO — 2-Hour Summary Email dispatched successfully.
2026-04-14 04:32:31,137 — INFO — 2-Hour Summary Email dispatched successfully.
2026-04-14 06:32:29,781 — INFO — 2-Hour Summary Email dispatched successfully.
2026-04-15 04:32:41,865 — INFO — Digest sent: 14 zones, 14 new, 0 updated, 0 unchanged.
2026-04-15 06:32:43,873 — INFO — Digest sent: 12 zones, 12 new, 0 updated, 0 unchanged.
2026-04-15 08:32:38,709 — INFO — Digest sent: 6 zones, 6 new, 0 updated, 0 unchanged.
2026-04-15 10:32:42,360 — INFO — Digest sent: 8 zones, 8 new, 0 updated, 0 unchanged.
2026-04-15 12:32:43,100 — INFO — Digest sent: 9 zones, 9 new, 0 updated, 0 unchanged.
2026-04-15 13:32:48,689 — ERROR — Failed to get ticker 'EURUSD=X' reason: Failed to perform, curl: (28) Connection timed out after 10002 milliseconds. See https://curl.se/libcurl/c/libcurl-errors.html first for more details.
2026-04-15 13:33:18,838 — ERROR — $EURUSD=X: possibly delisted; no price data found  (period=15d)
2026-04-15 13:33:18,844 — ERROR — 
1 Failed download:
2026-04-15 13:33:18,844 — ERROR — ['EURUSD=X']: possibly delisted; no price data found  (period=15d)
2026-04-15 13:33:18,847 — WARNING — No data for EURUSD. Skipped.
2026-04-15 13:33:28,851 — ERROR — Failed to get ticker 'JPY=X' reason: Failed to perform, curl: (28) Operation timed out after 10002 milliseconds with 0 bytes received. See https://curl.se/libcurl/c/libcurl-errors.html first for more details.
2026-04-15 13:34:27,553 — ERROR — 
1 Failed download:
2026-04-15 13:34:27,553 — ERROR — ['JPY=X']: Timeout('Failed to perform, curl: (28) Operation timed out after 30002 milliseconds with 0 bytes received. See https://curl.se/libcurl/c/libcurl-errors.html first for more details.')
2026-04-15 13:34:27,555 — WARNING — No data for USDJPY. Skipped.
2026-04-15 14:32:50,281 — INFO — Digest sent: 8 zones, 8 new, 0 updated, 0 unchanged.
2026-04-15 16:32:57,108 — INFO — Digest sent: 6 zones, 0 new, 2 updated, 4 unchanged.
2026-04-16 04:32:35,817 — INFO — Digest sent: 8 zones, 4 new, 0 updated, 4 unchanged.
2026-04-16 06:32:40,158 — INFO — Digest sent: 6 zones, 3 new, 0 updated, 3 unchanged.
2026-04-16 08:32:41,152 — INFO — Digest sent: 6 zones, 2 new, 1 updated, 3 unchanged.
2026-04-16 10:32:37,686 — INFO — Digest sent: 5 zones, 2 new, 0 updated, 3 unchanged.
2026-04-16 12:32:36,360 — INFO — Digest sent: 5 zones, 2 new, 0 updated, 3 unchanged.
